<?xml version="1.0" encoding="UTF-8"?>
<testng-results skipped="0" failed="1" ignored="0" total="11" passed="10">
  <reporter-output>
  </reporter-output>
  <suite name="All Test Suite" duration-ms="50522" started-at="2020-06-08T18:18:53 UZT" finished-at="2020-06-08T18:19:43 UZT">
    <groups>
    </groups>
    <test name="/Users/jakhongirruziev/workspace/DeleverAPITest/src/test/java/tests/courierService" duration-ms="50522" started-at="2020-06-08T18:18:53 UZT" finished-at="2020-06-08T18:19:43 UZT">
      <class name="tests.courierService.GetAllCourierBranchIds">
        <test-method status="PASS" signature="getCourierBranchesIds()[pri:0, instance:tests.courierService.GetAllCourierBranchIds@2038ae61]" name="getCourierBranchesIds" duration-ms="2865" started-at="2020-06-08T18:19:21 UZT" finished-at="2020-06-08T18:19:24 UZT">
          <reporter-output>
          </reporter-output>
        </test-method> <!-- getCourierBranchesIds -->
      </class> <!-- tests.courierService.GetAllCourierBranchIds -->
      <class name="tests.courierService.DeleteCourier">
        <test-method status="FAIL" signature="deleteCourier()[pri:0, instance:tests.courierService.DeleteCourier@544fe44c]" name="deleteCourier" duration-ms="9584" started-at="2020-06-08T18:19:34 UZT" finished-at="2020-06-08T18:19:43 UZT">
          <exception class="java.lang.AssertionError">
            <message>
              <![CDATA[1 expectation failed.
Expected status code <404> but was <200>.
]]>
            </message>
            <full-stacktrace>
              <![CDATA[java.lang.AssertionError: 1 expectation failed.
Expected status code <404> but was <200>.

at sun.reflect.NativeConstructorAccessorImpl.newInstance0(Native Method)
at sun.reflect.NativeConstructorAccessorImpl.newInstance(NativeConstructorAccessorImpl.java:62)
at sun.reflect.DelegatingConstructorAccessorImpl.newInstance(DelegatingConstructorAccessorImpl.java:45)
at java.lang.reflect.Constructor.newInstance(Constructor.java:423)
at org.codehaus.groovy.reflection.CachedConstructor.invoke(CachedConstructor.java:72)
at org.codehaus.groovy.reflection.CachedConstructor.doConstructorInvoke(CachedConstructor.java:59)
at org.codehaus.groovy.runtime.callsite.ConstructorSite$ConstructorSiteNoUnwrap.callConstructor(ConstructorSite.java:84)
at org.codehaus.groovy.runtime.callsite.CallSiteArray.defaultCallConstructor(CallSiteArray.java:59)
at org.codehaus.groovy.runtime.callsite.AbstractCallSite.callConstructor(AbstractCallSite.java:263)
at org.codehaus.groovy.runtime.callsite.AbstractCallSite.callConstructor(AbstractCallSite.java:277)
at io.restassured.internal.ResponseSpecificationImpl$HamcrestAssertionClosure.validate(ResponseSpecificationImpl.groovy:493)
at io.restassured.internal.ResponseSpecificationImpl$HamcrestAssertionClosure$validate$1.call(Unknown Source)
at io.restassured.internal.ResponseSpecificationImpl.validateResponseIfRequired(ResponseSpecificationImpl.groovy:674)
at sun.reflect.GeneratedMethodAccessor70.invoke(Unknown Source)
at sun.reflect.DelegatingMethodAccessorImpl.invoke(DelegatingMethodAccessorImpl.java:43)
at java.lang.reflect.Method.invoke(Method.java:498)
at org.codehaus.groovy.runtime.callsite.PlainObjectMetaMethodSite.doInvoke(PlainObjectMetaMethodSite.java:43)
at org.codehaus.groovy.runtime.callsite.PogoMetaMethodSite$PogoCachedMethodSiteNoUnwrapNoCoerce.invoke(PogoMetaMethodSite.java:193)
at org.codehaus.groovy.runtime.callsite.PogoMetaMethodSite.callCurrent(PogoMetaMethodSite.java:61)
at org.codehaus.groovy.runtime.callsite.AbstractCallSite.callCurrent(AbstractCallSite.java:185)
at io.restassured.internal.ResponseSpecificationImpl.statusCode(ResponseSpecificationImpl.groovy:126)
at io.restassured.specification.ResponseSpecification$statusCode$1.callCurrent(Unknown Source)
at io.restassured.internal.ResponseSpecificationImpl.statusCode(ResponseSpecificationImpl.groovy:134)
at io.restassured.internal.ValidatableResponseOptionsImpl.statusCode(ValidatableResponseOptionsImpl.java:89)
at io.restassured.internal.ValidatableResponseImpl.super$2$statusCode(ValidatableResponseImpl.groovy)
at sun.reflect.GeneratedMethodAccessor137.invoke(Unknown Source)
at sun.reflect.DelegatingMethodAccessorImpl.invoke(DelegatingMethodAccessorImpl.java:43)
at java.lang.reflect.Method.invoke(Method.java:498)
at org.codehaus.groovy.reflection.CachedMethod.invoke(CachedMethod.java:107)
at groovy.lang.MetaMethod.doMethodInvoke(MetaMethod.java:323)
at groovy.lang.MetaClassImpl.invokeMethod(MetaClassImpl.java:1262)
at org.codehaus.groovy.runtime.ScriptBytecodeAdapter.invokeMethodOnSuperN(ScriptBytecodeAdapter.java:144)
at io.restassured.internal.ValidatableResponseImpl.statusCode(ValidatableResponseImpl.groovy:142)
at io.restassured.internal.ValidatableResponseImpl.statusCode(ValidatableResponseImpl.groovy)
at tests.courierService.DeleteCourier.deleteCourier(DeleteCourier.java:21)
at sun.reflect.NativeMethodAccessorImpl.invoke0(Native Method)
at sun.reflect.NativeMethodAccessorImpl.invoke(NativeMethodAccessorImpl.java:62)
at sun.reflect.DelegatingMethodAccessorImpl.invoke(DelegatingMethodAccessorImpl.java:43)
at java.lang.reflect.Method.invoke(Method.java:498)
at org.testng.internal.MethodInvocationHelper.invokeMethod(MethodInvocationHelper.java:134)
at org.testng.internal.TestInvoker.invokeMethod(TestInvoker.java:597)
at org.testng.internal.TestInvoker.invokeTestMethod(TestInvoker.java:173)
at org.testng.internal.MethodRunner.runInSequence(MethodRunner.java:46)
at org.testng.internal.TestInvoker$MethodInvocationAgent.invoke(TestInvoker.java:816)
at org.testng.internal.TestInvoker.invokeTestMethods(TestInvoker.java:146)
at org.testng.internal.TestMethodWorker.invokeTestMethods(TestMethodWorker.java:146)
at org.testng.internal.TestMethodWorker.run(TestMethodWorker.java:128)
at java.util.ArrayList.forEach(ArrayList.java:1257)
at org.testng.TestRunner.privateRun(TestRunner.java:766)
at org.testng.TestRunner.run(TestRunner.java:587)
at org.testng.SuiteRunner.runTest(SuiteRunner.java:384)
at org.testng.SuiteRunner.runSequentially(SuiteRunner.java:378)
at org.testng.SuiteRunner.privateRun(SuiteRunner.java:337)
at org.testng.SuiteRunner.run(SuiteRunner.java:286)
at org.testng.SuiteRunnerWorker.runSuite(SuiteRunnerWorker.java:53)
at org.testng.SuiteRunnerWorker.run(SuiteRunnerWorker.java:96)
at org.testng.TestNG.runSuitesSequentially(TestNG.java:1187)
at org.testng.TestNG.runSuitesLocally(TestNG.java:1109)
at org.testng.TestNG.runSuites(TestNG.java:1039)
at org.testng.TestNG.run(TestNG.java:1007)
at org.apache.maven.surefire.testng.TestNGExecutor.run(TestNGExecutor.java:283)
at org.apache.maven.surefire.testng.TestNGXmlTestSuite.execute(TestNGXmlTestSuite.java:75)
at org.apache.maven.surefire.testng.TestNGProvider.invoke(TestNGProvider.java:120)
at org.apache.maven.surefire.booter.ForkedBooter.runSuitesInProcess(ForkedBooter.java:377)
at org.apache.maven.surefire.booter.ForkedBooter.execute(ForkedBooter.java:138)
at org.apache.maven.surefire.booter.ForkedBooter.run(ForkedBooter.java:465)
at org.apache.maven.surefire.booter.ForkedBooter.main(ForkedBooter.java:451)
]]>
            </full-stacktrace>
          </exception> <!-- java.lang.AssertionError -->
          <reporter-output>
          </reporter-output>
        </test-method> <!-- deleteCourier -->
      </class> <!-- tests.courierService.DeleteCourier -->
      <class name="tests.courierService.SearchByPhone">
        <test-method status="PASS" signature="getCourierByPhone()[pri:0, instance:tests.courierService.SearchByPhone@60c6f5b]" name="getCourierByPhone" duration-ms="5009" started-at="2020-06-08T18:19:16 UZT" finished-at="2020-06-08T18:19:21 UZT">
          <reporter-output>
          </reporter-output>
        </test-method> <!-- getCourierByPhone -->
      </class> <!-- tests.courierService.SearchByPhone -->
      <class name="tests.courierService.GetAllCouriers">
        <test-method status="PASS" signature="getAllCouriers()[pri:0, instance:tests.courierService.GetAllCouriers@617faa95]" name="getAllCouriers" duration-ms="1694" started-at="2020-06-08T18:19:10 UZT" finished-at="2020-06-08T18:19:12 UZT">
          <reporter-output>
          </reporter-output>
        </test-method> <!-- getAllCouriers -->
      </class> <!-- tests.courierService.GetAllCouriers -->
      <class name="tests.courierService.GetCourier">
        <test-method status="PASS" signature="getCourier()[pri:0, instance:tests.courierService.GetCourier@1e127982]" name="getCourier" duration-ms="3995" started-at="2020-06-08T18:19:12 UZT" finished-at="2020-06-08T18:19:16 UZT">
          <reporter-output>
          </reporter-output>
        </test-method> <!-- getCourier -->
      </class> <!-- tests.courierService.GetCourier -->
      <class name="tests.courierService.UnblockingCourier">
        <test-method status="PASS" signature="unblockCourier()[pri:0, instance:tests.courierService.UnblockingCourier@31dc339b]" name="unblockCourier" duration-ms="6350" started-at="2020-06-08T18:19:28 UZT" finished-at="2020-06-08T18:19:34 UZT">
          <reporter-output>
          </reporter-output>
        </test-method> <!-- unblockCourier -->
      </class> <!-- tests.courierService.UnblockingCourier -->
      <class name="tests.courierService.BlockingCourier">
        <test-method status="PASS" signature="blockCourier()[pri:0, instance:tests.courierService.BlockingCourier@3c0f93f1]" name="blockCourier" duration-ms="3916" started-at="2020-06-08T18:19:24 UZT" finished-at="2020-06-08T18:19:28 UZT">
          <reporter-output>
          </reporter-output>
        </test-method> <!-- blockCourier -->
      </class> <!-- tests.courierService.BlockingCourier -->
      <class name="tests.courierService.UpdateCourier">
        <test-method status="PASS" signature="updateCourier()[pri:0, instance:tests.courierService.UpdateCourier@6e1ec318]" name="updateCourier" duration-ms="4809" started-at="2020-06-08T18:18:57 UZT" finished-at="2020-06-08T18:19:02 UZT">
          <reporter-output>
          </reporter-output>
        </test-method> <!-- updateCourier -->
      </class> <!-- tests.courierService.UpdateCourier -->
      <class name="tests.courierService.CreateCourier">
        <test-method status="PASS" signature="createCourier(java.lang.String, java.lang.String, java.lang.String)[pri:0, instance:tests.courierService.CreateCourier@10bdf5e5]" name="createCourier" duration-ms="1594" started-at="2020-06-08T18:18:56 UZT" data-provider="randomUser" finished-at="2020-06-08T18:18:57 UZT">
          <params>
            <param index="0">
              <value>
                <![CDATA[Minnie]]>
              </value>
            </param>
            <param index="1">
              <value>
                <![CDATA[Foster]]>
              </value>
            </param>
            <param index="2">
              <value>
                <![CDATA[+998932957448]]>
              </value>
            </param>
          </params>
          <reporter-output>
          </reporter-output>
        </test-method> <!-- createCourier -->
      </class> <!-- tests.courierService.CreateCourier -->
      <class name="tests.courierService.CourierLogin">
        <test-method status="PASS" signature="checkLogin()[pri:0, instance:tests.courierService.CourierLogin@7e0b0338]" name="checkLogin" duration-ms="6637" started-at="2020-06-08T18:19:02 UZT" finished-at="2020-06-08T18:19:09 UZT">
          <reporter-output>
          </reporter-output>
        </test-method> <!-- checkLogin -->
        <test-method status="PASS" signature="confirmLogin()[pri:0, instance:tests.courierService.CourierLogin@7e0b0338]" name="confirmLogin" duration-ms="1428" started-at="2020-06-08T18:19:09 UZT" depends-on-methods="tests.courierService.CourierLogin.checkLogin" finished-at="2020-06-08T18:19:10 UZT">
          <reporter-output>
          </reporter-output>
        </test-method> <!-- confirmLogin -->
      </class> <!-- tests.courierService.CourierLogin -->
    </test> <!-- /Users/jakhongirruziev/workspace/DeleverAPITest/src/test/java/tests/courierService -->
  </suite> <!-- All Test Suite -->
</testng-results>
